<?xml version="1.0" encoding="UTF-8"?>
<!-- Generated by org.testng.reporters.JUnitXMLReporter -->
<testsuite hostname="LAPTOP-E2EB4JCD" ignored="0" name="Surefire test" tests="6" failures="0" timestamp="2020-05-07T01:05:30 IST" time="0.266" errors="0">
  <testcase name="IOSApps" time="0.013" classname="qaclickacademy.Mavenjava.AppiumTest"/>
  <testcase name="NativeAppAndroid" time="0.003" classname="qaclickacademy.Mavenjava.AppiumTest"/>
  <testcase name="deleteTwitter" time="0.002" classname="qaclickacademy.Mavenjava.RESTAPITest"/>
  <testcase name="postJira" time="0.0" classname="qaclickacademy.Mavenjava.RESTAPITest"/>
  <testcase name="BrowserAutomation" time="0.002" classname="qaclickacademy.Mavenjava.SeleniumTest"/>
  <testcase name="ElementsUI" time="0.0" classname="qaclickacademy.Mavenjava.SeleniumTest"/>
</testsuite> <!-- Surefire test -->
